C:\USERS\FATI5\DESKTOP\MASTER1\C++ANDDESIGNPATTERN\MYTEST\CLUBVACANCE\CLUBVACANCE\DEBUG\ACTIVITIES.OBJ
C:\Users\fati5\Desktop\Master1\C++andDesignPattern\MyTest\ClubVacance\ClubVacance\Debug\cl.command.1.tlog
C:\Users\fati5\Desktop\Master1\C++andDesignPattern\MyTest\ClubVacance\ClubVacance\Debug\CL.read.1.tlog
C:\Users\fati5\Desktop\Master1\C++andDesignPattern\MyTest\ClubVacance\ClubVacance\Debug\CL.write.1.tlog
C:\USERS\FATI5\DESKTOP\MASTER1\C++ANDDESIGNPATTERN\MYTEST\CLUBVACANCE\CLUBVACANCE\DEBUG\CLUBVACANCE.EXE.EMBED.MANIFEST
C:\USERS\FATI5\DESKTOP\MASTER1\C++ANDDESIGNPATTERN\MYTEST\CLUBVACANCE\CLUBVACANCE\DEBUG\CLUBVACANCE.EXE.EMBED.MANIFEST.RES
C:\USERS\FATI5\DESKTOP\MASTER1\C++ANDDESIGNPATTERN\MYTEST\CLUBVACANCE\CLUBVACANCE\DEBUG\CLUBVACANCE.EXE.INTERMEDIATE.MANIFEST
C:\USERS\FATI5\DESKTOP\MASTER1\C++ANDDESIGNPATTERN\MYTEST\CLUBVACANCE\CLUBVACANCE\DEBUG\CLUBVACANCE.OBJ
C:\USERS\FATI5\DESKTOP\MASTER1\C++ANDDESIGNPATTERN\MYTEST\CLUBVACANCE\CLUBVACANCE\DEBUG\CLUBVACANCE.PCH
C:\USERS\FATI5\DESKTOP\MASTER1\C++ANDDESIGNPATTERN\MYTEST\CLUBVACANCE\CLUBVACANCE\DEBUG\CLUBVACANCE.RES
C:\Users\fati5\Desktop\Master1\C++andDesignPattern\MyTest\ClubVacance\ClubVacance\Debug\ClubVacance.write.1.tlog
C:\Users\fati5\Desktop\Master1\C++andDesignPattern\MyTest\ClubVacance\ClubVacance\Debug\ClubVacance_manifest.rc
C:\USERS\FATI5\DESKTOP\MASTER1\C++ANDDESIGNPATTERN\MYTEST\CLUBVACANCE\CLUBVACANCE\DEBUG\CLUBVACANCEDLG.OBJ
C:\USERS\FATI5\DESKTOP\MASTER1\C++ANDDESIGNPATTERN\MYTEST\CLUBVACANCE\CLUBVACANCE\DEBUG\FIRST.OBJ
C:\USERS\FATI5\DESKTOP\MASTER1\C++ANDDESIGNPATTERN\MYTEST\CLUBVACANCE\CLUBVACANCE\DEBUG\HOME.OBJ
C:\USERS\FATI5\DESKTOP\MASTER1\C++ANDDESIGNPATTERN\MYTEST\CLUBVACANCE\CLUBVACANCE\DEBUG\LANGUE.OBJ
C:\Users\fati5\Desktop\Master1\C++andDesignPattern\MyTest\ClubVacance\ClubVacance\Debug\link.19012.read.1.tlog
C:\Users\fati5\Desktop\Master1\C++andDesignPattern\MyTest\ClubVacance\ClubVacance\Debug\link.19012.write.1.tlog
C:\Users\fati5\Desktop\Master1\C++andDesignPattern\MyTest\ClubVacance\ClubVacance\Debug\link.19012-cvtres.read.1.tlog
C:\Users\fati5\Desktop\Master1\C++andDesignPattern\MyTest\ClubVacance\ClubVacance\Debug\link.19012-cvtres.write.1.tlog
C:\Users\fati5\Desktop\Master1\C++andDesignPattern\MyTest\ClubVacance\ClubVacance\Debug\link.command.1.tlog
C:\Users\fati5\Desktop\Master1\C++andDesignPattern\MyTest\ClubVacance\ClubVacance\Debug\link.read.1.tlog
C:\Users\fati5\Desktop\Master1\C++andDesignPattern\MyTest\ClubVacance\ClubVacance\Debug\link.write.1.tlog
C:\Users\fati5\Desktop\Master1\C++andDesignPattern\MyTest\ClubVacance\ClubVacance\Debug\link-cvtres.read.1.tlog
C:\Users\fati5\Desktop\Master1\C++andDesignPattern\MyTest\ClubVacance\ClubVacance\Debug\link-cvtres.write.1.tlog
C:\Users\fati5\Desktop\Master1\C++andDesignPattern\MyTest\ClubVacance\ClubVacance\Debug\mt.command.1.tlog
C:\Users\fati5\Desktop\Master1\C++andDesignPattern\MyTest\ClubVacance\ClubVacance\Debug\mt.read.1.tlog
C:\Users\fati5\Desktop\Master1\C++andDesignPattern\MyTest\ClubVacance\ClubVacance\Debug\mt.write.1.tlog
C:\USERS\FATI5\DESKTOP\MASTER1\C++ANDDESIGNPATTERN\MYTEST\CLUBVACANCE\CLUBVACANCE\DEBUG\PAYS.OBJ
C:\Users\fati5\Desktop\Master1\C++andDesignPattern\MyTest\ClubVacance\ClubVacance\Debug\rc.command.1.tlog
C:\Users\fati5\Desktop\Master1\C++andDesignPattern\MyTest\ClubVacance\ClubVacance\Debug\rc.read.1.tlog
C:\Users\fati5\Desktop\Master1\C++andDesignPattern\MyTest\ClubVacance\ClubVacance\Debug\rc.write.1.tlog
C:\USERS\FATI5\DESKTOP\MASTER1\C++ANDDESIGNPATTERN\MYTEST\CLUBVACANCE\CLUBVACANCE\DEBUG\STDAFX.OBJ
C:\Users\fati5\Desktop\Master1\C++andDesignPattern\MyTest\ClubVacance\ClubVacance\Debug\vc100.idb
C:\USERS\FATI5\DESKTOP\MASTER1\C++ANDDESIGNPATTERN\MYTEST\CLUBVACANCE\CLUBVACANCE\DEBUG\VC100.PDB
C:\USERS\FATI5\DESKTOP\MASTER1\C++ANDDESIGNPATTERN\MYTEST\CLUBVACANCE\CLUBVACANCE\DEBUG\VILLAGE.OBJ
C:\USERS\FATI5\DESKTOP\MASTER1\C++ANDDESIGNPATTERN\MYTEST\CLUBVACANCE\DEBUG\CLUBVACANCE.EXE
C:\USERS\FATI5\DESKTOP\MASTER1\C++ANDDESIGNPATTERN\MYTEST\CLUBVACANCE\DEBUG\CLUBVACANCE.ILK
C:\USERS\FATI5\DESKTOP\MASTER1\C++ANDDESIGNPATTERN\MYTEST\CLUBVACANCE\DEBUG\CLUBVACANCE.PDB
