Build started 2024-01-21 23:50:09.
     1>Project "C:\Users\fati5\Desktop\Master1\C++andDesignPattern\MyTest\ClubVacance\ClubVacance\ClubVacance.vcxproj" on node 2 (build target(s)).
     1>InitializeBuildStatus:
         Creating "Debug\ClubVacance.unsuccessfulbuild" because "AlwaysCreate" was specified.
       ClCompile:
         All outputs are up-to-date.
         c:\Program Files (x86)\Microsoft Visual Studio 10.0\VC\bin\CL.exe /c /ZI /nologo /W3 /WX- /Od /Oy- /D WIN32 /D _WINDOWS /D _DEBUG /D _UNICODE /D UNICODE /D _AFXDLL /Gm /EHsc /RTC1 /MDd /GS /fp:precise /Zc:wchar_t /Zc:forScope /Yu"StdAfx.h" /Fp"Debug\ClubVacance.pch" /Fo"Debug\\" /Fd"Debug\vc100.pdb" /Gd /TP /analyze- /errorReport:prompt Activities.cpp
         Activities.cpp
     1>c:\users\fati5\desktop\master1\c++anddesignpattern\mytest\clubvacance\clubvacance\activities.cpp(105): warning C4995: 'CDaoDatabase' : le nom a été marqué comme #pragma deprecated
     1>c:\users\fati5\desktop\master1\c++anddesignpattern\mytest\clubvacance\clubvacance\activities.cpp(106): warning C4995: 'CDaoRecordset' : le nom a été marqué comme #pragma deprecated
     1>c:\users\fati5\desktop\master1\c++anddesignpattern\mytest\clubvacance\clubvacance\activities.cpp(140): warning C4995: 'CDaoDatabase' : le nom a été marqué comme #pragma deprecated
     1>c:\users\fati5\desktop\master1\c++anddesignpattern\mytest\clubvacance\clubvacance\activities.cpp(141): warning C4995: 'CDaoRecordset' : le nom a été marqué comme #pragma deprecated
     1>c:\users\fati5\desktop\master1\c++anddesignpattern\mytest\clubvacance\clubvacance\activities.cpp(207): warning C4995: 'CDaoDatabase' : le nom a été marqué comme #pragma deprecated
     1>c:\users\fati5\desktop\master1\c++anddesignpattern\mytest\clubvacance\clubvacance\activities.cpp(208): warning C4995: 'CDaoRecordset' : le nom a été marqué comme #pragma deprecated
     1>c:\users\fati5\desktop\master1\c++anddesignpattern\mytest\clubvacance\clubvacance\activities.cpp(390): warning C4995: 'CDaoDatabase' : le nom a été marqué comme #pragma deprecated
     1>c:\users\fati5\desktop\master1\c++anddesignpattern\mytest\clubvacance\clubvacance\activities.cpp(391): warning C4995: 'CDaoRecordset' : le nom a été marqué comme #pragma deprecated
     1>c:\users\fati5\desktop\master1\c++anddesignpattern\mytest\clubvacance\clubvacance\activities.cpp(416): warning C4995: 'CDaoException' : le nom a été marqué comme #pragma deprecated
     1>c:\users\fati5\desktop\master1\c++anddesignpattern\mytest\clubvacance\clubvacance\activities.cpp(444): warning C4995: 'CDaoDatabase' : le nom a été marqué comme #pragma deprecated
     1>c:\users\fati5\desktop\master1\c++anddesignpattern\mytest\clubvacance\clubvacance\activities.cpp(445): warning C4995: 'CDaoRecordset' : le nom a été marqué comme #pragma deprecated
     1>c:\users\fati5\desktop\master1\c++anddesignpattern\mytest\clubvacance\clubvacance\activities.cpp(520): warning C4995: 'CDaoDatabase' : le nom a été marqué comme #pragma deprecated
     1>c:\users\fati5\desktop\master1\c++anddesignpattern\mytest\clubvacance\clubvacance\activities.cpp(521): warning C4995: 'CDaoRecordset' : le nom a été marqué comme #pragma deprecated
     1>c:\users\fati5\desktop\master1\c++anddesignpattern\mytest\clubvacance\clubvacance\activities.cpp(545): warning C4995: 'CDaoException' : le nom a été marqué comme #pragma deprecated
       ResourceCompile:
         All outputs are up-to-date.
       ManifestResourceCompile:
         All outputs are up-to-date.
       Link:
         c:\Program Files (x86)\Microsoft Visual Studio 10.0\VC\bin\link.exe /ERRORREPORT:PROMPT /OUT:"C:\Users\fati5\Desktop\Master1\C++andDesignPattern\MyTest\ClubVacance\Debug\ClubVacance.exe" /INCREMENTAL /NOLOGO /MANIFEST /ManifestFile:"Debug\ClubVacance.exe.intermediate.manifest" /MANIFESTUAC:"level='asInvoker' uiAccess='false'" /DEBUG /PDB:"C:\Users\fati5\Desktop\Master1\C++andDesignPattern\MyTest\ClubVacance\Debug\ClubVacance.pdb" /SUBSYSTEM:WINDOWS /TLBID:1 /ENTRY:"wWinMainCRTStartup" /DYNAMICBASE /NXCOMPAT /IMPLIB:"C:\Users\fati5\Desktop\Master1\C++andDesignPattern\MyTest\ClubVacance\Debug\ClubVacance.lib" /MACHINE:X86 Debug\ClubVacance.res
         Debug\ClubVacance.exe.embed.manifest.res
         Debug\Activities.obj
         Debug\ClubVacance.obj
         Debug\ClubVacanceDlg.obj
         Debug\First.obj
         Debug\Home.obj
         Debug\Langue.obj
         Debug\Pays.obj
         Debug\stdafx.obj
         Debug\Village.obj
       Manifest:
         C:\Program Files (x86)\Microsoft SDKs\Windows\v7.0A\bin\mt.exe /nologo /verbose /out:"Debug\ClubVacance.exe.embed.manifest" /manifest Debug\ClubVacance.exe.intermediate.manifest "c:\Program Files (x86)\Microsoft Visual Studio 10.0\VC\Include\Manifest\dpiaware.manifest"
         All outputs are up-to-date.
       LinkEmbedManifest:
         All outputs are up-to-date.
         ClubVacance.vcxproj -> C:\Users\fati5\Desktop\Master1\C++andDesignPattern\MyTest\ClubVacance\Debug\ClubVacance.exe
       FinalizeBuildStatus:
         Deleting file "Debug\ClubVacance.unsuccessfulbuild".
         Touching "Debug\ClubVacance.lastbuildstate".
     1>Done Building Project "C:\Users\fati5\Desktop\Master1\C++andDesignPattern\MyTest\ClubVacance\ClubVacance\ClubVacance.vcxproj" (build target(s)).

Build succeeded.

Time Elapsed 00:00:01.15
